<?xml version="1.0" encoding="utf-8"?><testsuites name="pytest tests"><testsuite name="pytest" errors="0" failures="2" skipped="0" tests="23" time="2.310" timestamp="2026-01-12T16:36:39.165641+00:00" hostname="agent-env-69cc3d77-467e-40bd-87df-c6f7f7be2c69"><testcase classname="tests.test_backend_api.TestAuthenticationFlow" name="test_01_register_admin_user" time="0.670"><failure message="AssertionError: Registration failed: Internal Server Error&#10;assert 520 == 200&#10; +  where 520 = &lt;Response [520]&gt;.status_code">tests/test_backend_api.py:37: in test_01_register_admin_user
    assert response.status_code == 200, f"Registration failed: {response.text}"
E   AssertionError: Registration failed: Internal Server Error
E   assert 520 == 200
E    +  where 520 = &lt;Response [520]&gt;.status_code</failure></testcase><testcase classname="tests.test_backend_api.TestAuthenticationFlow" name="test_02_login_user" time="0.272" /><testcase classname="tests.test_backend_api.TestAuthenticationFlow" name="test_03_get_current_user" time="0.045" /><testcase classname="tests.test_backend_api.TestAuthenticationFlow" name="test_04_login_invalid_credentials" time="0.040" /><testcase classname="tests.test_backend_api.TestCompanyManagement" name="test_01_create_company" time="0.068" /><testcase classname="tests.test_backend_api.TestCompanyManagement" name="test_02_list_companies" time="0.043" /><testcase classname="tests.test_backend_api.TestCompanyManagement" name="test_03_get_company_by_id" time="0.081" /><testcase classname="tests.test_backend_api.TestEmployeeManagement" name="test_01_create_employee" time="0.063" /><testcase classname="tests.test_backend_api.TestEmployeeManagement" name="test_02_list_employees" time="0.042" /><testcase classname="tests.test_backend_api.TestEmployeeManagement" name="test_03_get_employee_by_number" time="0.081" /><testcase classname="tests.test_backend_api.TestEmployeeManagement" name="test_04_update_employee" time="0.039" /><testcase classname="tests.test_backend_api.TestReportsAPI" name="test_01_company_summary" time="0.044" /><testcase classname="tests.test_backend_api.TestReportsAPI" name="test_02_leave_summary" time="0.040" /><testcase classname="tests.test_backend_api.TestReportsAPI" name="test_03_attendance_summary" time="0.078" /><testcase classname="tests.test_backend_api.TestReportsAPI" name="test_04_performance_summary" time="0.039" /><testcase classname="tests.test_backend_api.TestPerformanceTracking" name="test_01_create_performance_review" time="0.255" /><testcase classname="tests.test_backend_api.TestPerformanceTracking" name="test_02_get_employee_reviews" time="0.046" /><testcase classname="tests.test_backend_api.TestPerformanceTracking" name="test_03_create_performance_goal" time="0.061" /><testcase classname="tests.test_backend_api.TestPerformanceTracking" name="test_04_get_employee_goals" time="0.038" /><testcase classname="tests.test_backend_api.TestLeaveManagement" name="test_01_get_leave_balance" time="0.038" /><testcase classname="tests.test_backend_api.TestLeaveManagement" name="test_02_get_pending_approvals" time="0.042" /><testcase classname="tests.test_backend_api.TestAttendanceManagement" name="test_01_get_team_attendance" time="0.035"><failure message="AssertionError: Team attendance failed: {&quot;detail&quot;:&quot;Not Found&quot;}&#10;assert 404 == 200&#10; +  where 404 = &lt;Response [404]&gt;.status_code">tests/test_backend_api.py:449: in test_01_get_team_attendance
    assert response.status_code == 200, f"Team attendance failed: {response.text}"
E   AssertionError: Team attendance failed: {"detail":"Not Found"}
E   assert 404 == 200
E    +  where 404 = &lt;Response [404]&gt;.status_code</failure></testcase><testcase classname="tests.test_backend_api.TestDocumentManagement" name="test_01_get_employee_documents" time="0.035" /></testsuite></testsuites>