<?xml version="1.0" encoding="utf-8"?><testsuites name="pytest tests"><testsuite name="pytest" errors="0" failures="0" skipped="0" tests="41" time="3.822" timestamp="2026-01-12T17:03:58.527832+00:00" hostname="agent-env-69cc3d77-467e-40bd-87df-c6f7f7be2c69"><testcase classname="tests.test_backend_api.TestAuthenticationFlow" name="test_01_register_admin_user" time="0.671" /><testcase classname="tests.test_backend_api.TestAuthenticationFlow" name="test_02_login_user" time="0.264" /><testcase classname="tests.test_backend_api.TestAuthenticationFlow" name="test_03_get_current_user" time="0.045" /><testcase classname="tests.test_backend_api.TestAuthenticationFlow" name="test_04_login_invalid_credentials" time="0.044" /><testcase classname="tests.test_backend_api.TestCompanyManagement" name="test_01_create_company" time="0.046" /><testcase classname="tests.test_backend_api.TestCompanyManagement" name="test_02_list_companies" time="0.042" /><testcase classname="tests.test_backend_api.TestCompanyManagement" name="test_03_get_company_by_id" time="0.040" /><testcase classname="tests.test_backend_api.TestEmployeeManagement" name="test_01_create_employee" time="0.054" /><testcase classname="tests.test_backend_api.TestEmployeeManagement" name="test_02_list_employees" time="0.041" /><testcase classname="tests.test_backend_api.TestEmployeeManagement" name="test_03_get_employee_by_number" time="0.045" /><testcase classname="tests.test_backend_api.TestEmployeeManagement" name="test_04_update_employee" time="0.044" /><testcase classname="tests.test_backend_api.TestReportsAPI" name="test_01_company_summary" time="0.045" /><testcase classname="tests.test_backend_api.TestReportsAPI" name="test_02_leave_summary" time="0.051" /><testcase classname="tests.test_backend_api.TestReportsAPI" name="test_03_attendance_summary" time="0.043" /><testcase classname="tests.test_backend_api.TestReportsAPI" name="test_04_performance_summary" time="0.049" /><testcase classname="tests.test_backend_api.TestPerformanceTracking" name="test_01_create_performance_review" time="0.495" /><testcase classname="tests.test_backend_api.TestPerformanceTracking" name="test_02_get_employee_reviews" time="0.041" /><testcase classname="tests.test_backend_api.TestPerformanceTracking" name="test_03_create_performance_goal" time="0.040" /><testcase classname="tests.test_backend_api.TestPerformanceTracking" name="test_04_get_employee_goals" time="0.037" /><testcase classname="tests.test_backend_api.TestLeaveManagement" name="test_01_get_leave_balance" time="0.037" /><testcase classname="tests.test_backend_api.TestLeaveManagement" name="test_02_get_pending_approvals" time="0.038" /><testcase classname="tests.test_backend_api.TestAttendanceManagement" name="test_01_get_team_attendance" time="0.036" /><testcase classname="tests.test_backend_api.TestDocumentManagement" name="test_01_get_employee_documents" time="0.042" /><testcase classname="tests.test_refactored_endpoints.TestSetup" name="test_01_register_admin_user" time="0.603" /><testcase classname="tests.test_refactored_endpoints.TestSetup" name="test_02_create_company" time="0.042" /><testcase classname="tests.test_refactored_endpoints.TestSetup" name="test_03_create_employee_with_user_email" time="0.044" /><testcase classname="tests.test_refactored_endpoints.TestDashboardEndpoints" name="test_01_dashboard_stats" time="0.083" /><testcase classname="tests.test_refactored_endpoints.TestDashboardEndpoints" name="test_02_activity_logs" time="0.054" /><testcase classname="tests.test_refactored_endpoints.TestAttendanceEndpoints" name="test_01_get_office_location" time="0.078" /><testcase classname="tests.test_refactored_endpoints.TestAttendanceEndpoints" name="test_02_check_in" time="0.080" /><testcase classname="tests.test_refactored_endpoints.TestAttendanceEndpoints" name="test_03_get_my_attendance" time="0.047" /><testcase classname="tests.test_refactored_endpoints.TestAttendanceEndpoints" name="test_04_attendance_report_summary" time="0.037" /><testcase classname="tests.test_refactored_endpoints.TestLeaveEndpoints" name="test_01_get_kenyan_holidays" time="0.040" /><testcase classname="tests.test_refactored_endpoints.TestLeaveEndpoints" name="test_02_get_leave_balance" time="0.042" /><testcase classname="tests.test_refactored_endpoints.TestLeaveEndpoints" name="test_03_get_team_calendar" time="0.038" /><testcase classname="tests.test_refactored_endpoints.TestContractsEndpoints" name="test_01_get_contracts_stats" time="0.040" /><testcase classname="tests.test_refactored_endpoints.TestContractsEndpoints" name="test_02_list_contracts" time="0.037" /><testcase classname="tests.test_refactored_endpoints.TestDocumentsEndpoints" name="test_01_get_expiring_documents" time="0.077" /><testcase classname="tests.test_refactored_endpoints.TestDocumentsEndpoints" name="test_02_get_all_documents" time="0.039" /><testcase classname="tests.test_refactored_endpoints.TestCompanyUpdate" name="test_01_update_company" time="0.037" /><testcase classname="tests.test_refactored_endpoints.TestEmployeeTransfer" name="test_01_get_employee_transfers" time="0.038" /></testsuite></testsuites>