<?xml version="1.0" encoding="utf-8"?><testsuites name="pytest tests"><testsuite name="pytest" errors="0" failures="0" skipped="0" tests="18" time="1.312" timestamp="2026-01-12T17:03:50.821654+00:00" hostname="agent-env-69cc3d77-467e-40bd-87df-c6f7f7be2c69"><testcase classname="tests.test_refactored_endpoints.TestSetup" name="test_01_register_admin_user" time="0.508" /><testcase classname="tests.test_refactored_endpoints.TestSetup" name="test_02_create_company" time="0.078" /><testcase classname="tests.test_refactored_endpoints.TestSetup" name="test_03_create_employee_with_user_email" time="0.044" /><testcase classname="tests.test_refactored_endpoints.TestDashboardEndpoints" name="test_01_dashboard_stats" time="0.041" /><testcase classname="tests.test_refactored_endpoints.TestDashboardEndpoints" name="test_02_activity_logs" time="0.040" /><testcase classname="tests.test_refactored_endpoints.TestAttendanceEndpoints" name="test_01_get_office_location" time="0.037" /><testcase classname="tests.test_refactored_endpoints.TestAttendanceEndpoints" name="test_02_check_in" time="0.047" /><testcase classname="tests.test_refactored_endpoints.TestAttendanceEndpoints" name="test_03_get_my_attendance" time="0.039" /><testcase classname="tests.test_refactored_endpoints.TestAttendanceEndpoints" name="test_04_attendance_report_summary" time="0.039" /><testcase classname="tests.test_refactored_endpoints.TestLeaveEndpoints" name="test_01_get_kenyan_holidays" time="0.044" /><testcase classname="tests.test_refactored_endpoints.TestLeaveEndpoints" name="test_02_get_leave_balance" time="0.040" /><testcase classname="tests.test_refactored_endpoints.TestLeaveEndpoints" name="test_03_get_team_calendar" time="0.040" /><testcase classname="tests.test_refactored_endpoints.TestContractsEndpoints" name="test_01_get_contracts_stats" time="0.041" /><testcase classname="tests.test_refactored_endpoints.TestContractsEndpoints" name="test_02_list_contracts" time="0.036" /><testcase classname="tests.test_refactored_endpoints.TestDocumentsEndpoints" name="test_01_get_expiring_documents" time="0.037" /><testcase classname="tests.test_refactored_endpoints.TestDocumentsEndpoints" name="test_02_get_all_documents" time="0.046" /><testcase classname="tests.test_refactored_endpoints.TestCompanyUpdate" name="test_01_update_company" time="0.040" /><testcase classname="tests.test_refactored_endpoints.TestEmployeeTransfer" name="test_01_get_employee_transfers" time="0.043" /></testsuite></testsuites>